This is pdfTeX, Version 3.141592653-2.6-1.40.25 (MiKTeX 23.12) (preloaded format=pdflatex 2023.12.31)  10 JAN 2024 10:25
entering extended mode
 restricted \write18 enabled.
 %&-line parsing enabled.
**"./Planetary Mission.tex"
(Planetary Mission.tex
LaTeX2e <2023-11-01>
L3 programming layer <2023-12-11>
(C:\Users\tamim\AppData\Local\Programs\MiKTeX\tex/latex/base\article.cls
Document Class: article 2023/05/17 v1.4n Standard LaTeX document class
(C:\Users\tamim\AppData\Local\Programs\MiKTeX\tex/latex/base\size10.clo
File: size10.clo 2023/05/17 v1.4n Standard LaTeX file (size option)
)
\c@part=\count187
\c@section=\count188
\c@subsection=\count189
\c@subsubsection=\count190
\c@paragraph=\count191
\c@subparagraph=\count192
\c@figure=\count193
\c@table=\count194
\abovecaptionskip=\skip48
\belowcaptionskip=\skip49
\bibindent=\dimen140
)
(C:\Users\tamim\AppData\Local\Programs\MiKTeX\tex/latex/amsmath\amsmath.sty
Package: amsmath 2023/05/13 v2.17o AMS math features
\@mathmargin=\skip50

For additional information on amsmath, use the `?' option.
(C:\Users\tamim\AppData\Local\Programs\MiKTeX\tex/latex/amsmath\amstext.sty
Package: amstext 2021/08/26 v2.01 AMS text

(C:\Users\tamim\AppData\Local\Programs\MiKTeX\tex/latex/amsmath\amsgen.sty
File: amsgen.sty 1999/11/30 v2.0 generic functions
\@emptytoks=\toks17
\ex@=\dimen141
))
(C:\Users\tamim\AppData\Local\Programs\MiKTeX\tex/latex/amsmath\amsbsy.sty
Package: amsbsy 1999/11/29 v1.2d Bold Symbols
\pmbraise@=\dimen142
)
(C:\Users\tamim\AppData\Local\Programs\MiKTeX\tex/latex/amsmath\amsopn.sty
Package: amsopn 2022/04/08 v2.04 operator names
)
\inf@bad=\count195
LaTeX Info: Redefining \frac on input line 234.
\uproot@=\count196
\leftroot@=\count197
LaTeX Info: Redefining \overline on input line 399.
LaTeX Info: Redefining \colon on input line 410.
\classnum@=\count198
\DOTSCASE@=\count199
LaTeX Info: Redefining \ldots on input line 496.
LaTeX Info: Redefining \dots on input line 499.
LaTeX Info: Redefining \cdots on input line 620.
\Mathstrutbox@=\box51
\strutbox@=\box52
LaTeX Info: Redefining \big on input line 722.
LaTeX Info: Redefining \Big on input line 723.
LaTeX Info: Redefining \bigg on input line 724.
LaTeX Info: Redefining \Bigg on input line 725.
\big@size=\dimen143
LaTeX Font Info:    Redeclaring font encoding OML on input line 743.
LaTeX Font Info:    Redeclaring font encoding OMS on input line 744.
\macc@depth=\count266
LaTeX Info: Redefining \bmod on input line 905.
LaTeX Info: Redefining \pmod on input line 910.
LaTeX Info: Redefining \smash on input line 940.
LaTeX Info: Redefining \relbar on input line 970.
LaTeX Info: Redefining \Relbar on input line 971.
\c@MaxMatrixCols=\count267
\dotsspace@=\muskip16
\c@parentequation=\count268
\dspbrk@lvl=\count269
\tag@help=\toks18
\row@=\count270
\column@=\count271
\maxfields@=\count272
\andhelp@=\toks19
\eqnshift@=\dimen144
\alignsep@=\dimen145
\tagshift@=\dimen146
\tagwidth@=\dimen147
\totwidth@=\dimen148
\lineht@=\dimen149
\@envbody=\toks20
\multlinegap=\skip51
\multlinetaggap=\skip52
\mathdisplay@stack=\toks21
LaTeX Info: Redefining \[ on input line 2953.
LaTeX Info: Redefining \] on input line 2954.
)
(C:\Users\tamim\AppData\Local\Programs\MiKTeX\tex/latex/amsfonts\amsfonts.sty
Package: amsfonts 2013/01/14 v3.01 Basic AMSFonts support
\symAMSa=\mathgroup4
\symAMSb=\mathgroup5
LaTeX Font Info:    Redeclaring math symbol \hbar on input line 98.
LaTeX Font Info:    Overwriting math alphabet `\mathfrak' in version `bold'
(Font)                  U/euf/m/n --> U/euf/b/n on input line 106.
)
(C:\Users\tamim\AppData\Local\Programs\MiKTeX\tex/latex/amsfonts\amssymb.sty
Package: amssymb 2013/01/14 v3.01 AMS font symbols
)
(C:\Users\tamim\AppData\Local\Programs\MiKTeX\tex/latex/graphics\graphicx.sty
Package: graphicx 2021/09/16 v1.2d Enhanced LaTeX Graphics (DPC,SPQR)

(C:\Users\tamim\AppData\Local\Programs\MiKTeX\tex/latex/graphics\keyval.sty
Package: keyval 2022/05/29 v1.15 key=value parser (DPC)
\KV@toks@=\toks22
)
(C:\Users\tamim\AppData\Local\Programs\MiKTeX\tex/latex/graphics\graphics.sty
Package: graphics 2022/03/10 v1.4e Standard LaTeX Graphics (DPC,SPQR)

(C:\Users\tamim\AppData\Local\Programs\MiKTeX\tex/latex/graphics\trig.sty
Package: trig 2021/08/11 v1.11 sin cos tan (DPC)
)
(C:\Users\tamim\AppData\Local\Programs\MiKTeX\tex/latex/graphics-cfg\graphics.c
fg
File: graphics.cfg 2016/06/04 v1.11 sample graphics configuration
)
Package graphics Info: Driver file: pdftex.def on input line 107.

(C:\Users\tamim\AppData\Local\Programs\MiKTeX\tex/latex/graphics-def\pdftex.def
File: pdftex.def 2022/09/22 v1.2b Graphics/color driver for pdftex
))
\Gin@req@height=\dimen150
\Gin@req@width=\dimen151
)
(C:\Users\tamim\AppData\Local\Programs\MiKTeX\tex/latex/hyperref\hyperref.sty
Package: hyperref 2023-11-26 v7.01g Hypertext links for LaTeX

(C:\Users\tamim\AppData\Local\Programs\MiKTeX\tex/generic/iftex\iftex.sty
Package: iftex 2022/02/03 v1.0f TeX engine tests
)
(C:\Users\tamim\AppData\Local\Programs\MiKTeX\tex/generic/infwarerr\infwarerr.s
ty
Package: infwarerr 2019/12/03 v1.5 Providing info/warning/error messages (HO)
)
(C:\Users\tamim\AppData\Local\Programs\MiKTeX\tex/latex/kvsetkeys\kvsetkeys.sty
Package: kvsetkeys 2022-10-05 v1.19 Key value parser (HO)
)
(C:\Users\tamim\AppData\Local\Programs\MiKTeX\tex/generic/kvdefinekeys\kvdefine
keys.sty
Package: kvdefinekeys 2019-12-19 v1.6 Define keys (HO)
)
(C:\Users\tamim\AppData\Local\Programs\MiKTeX\tex/generic/pdfescape\pdfescape.s
ty
Package: pdfescape 2019/12/09 v1.15 Implements pdfTeX's escape features (HO)

(C:\Users\tamim\AppData\Local\Programs\MiKTeX\tex/generic/ltxcmds\ltxcmds.sty
Package: ltxcmds 2023-12-04 v1.26 LaTeX kernel commands for general use (HO)
)
(C:\Users\tamim\AppData\Local\Programs\MiKTeX\tex/generic/pdftexcmds\pdftexcmds
.sty
Package: pdftexcmds 2020-06-27 v0.33 Utility functions of pdfTeX for LuaTeX (HO
)
Package pdftexcmds Info: \pdf@primitive is available.
Package pdftexcmds Info: \pdf@ifprimitive is available.
Package pdftexcmds Info: \pdfdraftmode found.
))
(C:\Users\tamim\AppData\Local\Programs\MiKTeX\tex/latex/hycolor\hycolor.sty
Package: hycolor 2020-01-27 v1.10 Color options for hyperref/bookmark (HO)
)
(C:\Users\tamim\AppData\Local\Programs\MiKTeX\tex/latex/letltxmacro\letltxmacro
.sty
Package: letltxmacro 2019/12/03 v1.6 Let assignment for LaTeX macros (HO)
)
(C:\Users\tamim\AppData\Local\Programs\MiKTeX\tex/latex/auxhook\auxhook.sty
Package: auxhook 2019-12-17 v1.6 Hooks for auxiliary files (HO)
)
(C:\Users\tamim\AppData\Local\Programs\MiKTeX\tex/latex/hyperref\nameref.sty
Package: nameref 2023-11-26 v2.56 Cross-referencing by name of section

(C:\Users\tamim\AppData\Local\Programs\MiKTeX\tex/latex/refcount\refcount.sty
Package: refcount 2019/12/15 v3.6 Data extraction from label references (HO)
)
(C:\Users\tamim\AppData\Local\Programs\MiKTeX\tex/generic/gettitlestring\gettit
lestring.sty
Package: gettitlestring 2019/12/15 v1.6 Cleanup title references (HO)

(C:\Users\tamim\AppData\Local\Programs\MiKTeX\tex/latex/kvoptions\kvoptions.sty
Package: kvoptions 2022-06-15 v3.15 Key value format for package options (HO)
))
\c@section@level=\count273
)
(C:\Users\tamim\AppData\Local\Programs\MiKTeX\tex/latex/etoolbox\etoolbox.sty
Package: etoolbox 2020/10/05 v2.5k e-TeX tools for LaTeX (JAW)
\etb@tempcnta=\count274
)
\@linkdim=\dimen152
\Hy@linkcounter=\count275
\Hy@pagecounter=\count276

(C:\Users\tamim\AppData\Local\Programs\MiKTeX\tex/latex/hyperref\pd1enc.def
File: pd1enc.def 2023-11-26 v7.01g Hyperref: PDFDocEncoding definition (HO)
Now handling font encoding PD1 ...
... no UTF-8 mapping file for font encoding PD1
)
(C:\Users\tamim\AppData\Local\Programs\MiKTeX\tex/generic/intcalc\intcalc.sty
Package: intcalc 2019/12/15 v1.3 Expandable calculations with integers (HO)
)
\Hy@SavedSpaceFactor=\count277

(C:\Users\tamim\AppData\Local\Programs\MiKTeX\tex/latex/hyperref\puenc.def
File: puenc.def 2023-11-26 v7.01g Hyperref: PDF Unicode definition (HO)
Now handling font encoding PU ...
... no UTF-8 mapping file for font encoding PU
)
Package hyperref Info: Hyper figures OFF on input line 4181.
Package hyperref Info: Link nesting OFF on input line 4186.
Package hyperref Info: Hyper index ON on input line 4189.
Package hyperref Info: Plain pages OFF on input line 4196.
Package hyperref Info: Backreferencing OFF on input line 4201.
Package hyperref Info: Implicit mode ON; LaTeX internals redefined.
Package hyperref Info: Bookmarks ON on input line 4448.
\c@Hy@tempcnt=\count278

(C:\Users\tamim\AppData\Local\Programs\MiKTeX\tex/latex/url\url.sty
\Urlmuskip=\muskip17
Package: url 2013/09/16  ver 3.4  Verb mode for urls, etc.
)
LaTeX Info: Redefining \url on input line 4786.
\XeTeXLinkMargin=\dimen153

(C:\Users\tamim\AppData\Local\Programs\MiKTeX\tex/generic/bitset\bitset.sty
Package: bitset 2019/12/09 v1.3 Handle bit-vector datatype (HO)

(C:\Users\tamim\AppData\Local\Programs\MiKTeX\tex/generic/bigintcalc\bigintcalc
.sty
Package: bigintcalc 2019/12/15 v1.5 Expandable calculations on big integers (HO
)
))
\Fld@menulength=\count279
\Field@Width=\dimen154
\Fld@charsize=\dimen155
Package hyperref Info: Hyper figures OFF on input line 6065.
Package hyperref Info: Link nesting OFF on input line 6070.
Package hyperref Info: Hyper index ON on input line 6073.
Package hyperref Info: backreferencing OFF on input line 6080.
Package hyperref Info: Link coloring OFF on input line 6085.
Package hyperref Info: Link coloring with OCG OFF on input line 6090.
Package hyperref Info: PDF/A mode OFF on input line 6095.

(C:\Users\tamim\AppData\Local\Programs\MiKTeX\tex/latex/base\atbegshi-ltx.sty
Package: atbegshi-ltx 2021/01/10 v1.0c Emulation of the original atbegshi
package with kernel methods
)
\Hy@abspage=\count280
\c@Item=\count281
\c@Hfootnote=\count282
)
Package hyperref Info: Driver (autodetected): hpdftex.
(C:\Users\tamim\AppData\Local\Programs\MiKTeX\tex/latex/hyperref\hpdftex.def
File: hpdftex.def 2023-11-26 v7.01g Hyperref driver for pdfTeX

(C:\Users\tamim\AppData\Local\Programs\MiKTeX\tex/latex/base\atveryend-ltx.sty
Package: atveryend-ltx 2020/08/19 v1.0a Emulation of the original atveryend pac
kage
with kernel methods
)
\Fld@listcount=\count283
\c@bookmark@seq@number=\count284

(C:\Users\tamim\AppData\Local\Programs\MiKTeX\tex/latex/rerunfilecheck\rerunfil
echeck.sty
Package: rerunfilecheck 2022-07-10 v1.10 Rerun checks for auxiliary files (HO)

(C:\Users\tamim\AppData\Local\Programs\MiKTeX\tex/generic/uniquecounter\uniquec
ounter.sty
Package: uniquecounter 2019/12/15 v1.4 Provide unlimited unique counter (HO)
)
Package uniquecounter Info: New unique counter `rerunfilecheck' on input line 2
85.
)
\Hy@SectionHShift=\skip53
)
(C:\Users\tamim\AppData\Local\Programs\MiKTeX\tex/latex/booktabs\booktabs.sty
Package: booktabs 2020/01/12 v1.61803398 Publication quality tables
\heavyrulewidth=\dimen156
\lightrulewidth=\dimen157
\cmidrulewidth=\dimen158
\belowrulesep=\dimen159
\belowbottomsep=\dimen160
\aboverulesep=\dimen161
\abovetopsep=\dimen162
\cmidrulesep=\dimen163
\cmidrulekern=\dimen164
\defaultaddspace=\dimen165
\@cmidla=\count285
\@cmidlb=\count286
\@aboverulesep=\dimen166
\@belowrulesep=\dimen167
\@thisruleclass=\count287
\@lastruleclass=\count288
\@thisrulewidth=\dimen168
)
(C:\Users\tamim\AppData\Local\Programs\MiKTeX\tex/latex/geometry\geometry.sty
Package: geometry 2020/01/02 v5.9 Page Geometry

(C:\Users\tamim\AppData\Local\Programs\MiKTeX\tex/generic/iftex\ifvtex.sty
Package: ifvtex 2019/10/25 v1.7 ifvtex legacy package. Use iftex instead.
)
\Gm@cnth=\count289
\Gm@cntv=\count290
\c@Gm@tempcnt=\count291
\Gm@bindingoffset=\dimen169
\Gm@wd@mp=\dimen170
\Gm@odd@mp=\dimen171
\Gm@even@mp=\dimen172
\Gm@layoutwidth=\dimen173
\Gm@layoutheight=\dimen174
\Gm@layouthoffset=\dimen175
\Gm@layoutvoffset=\dimen176
\Gm@dimlist=\toks23

(C:\Users\tamim\AppData\Local\Programs\MiKTeX\tex/latex/geometry\geometry.cfg))
(C:\Users\tamim\AppData\Local\Programs\MiKTeX\tex/latex/natbib\natbib.sty
Package: natbib 2010/09/13 8.31b (PWD, AO)
\bibhang=\skip54
\bibsep=\skip55
LaTeX Info: Redefining \cite on input line 694.
\c@NAT@ctr=\count292
)
(C:\Users\tamim\AppData\Local\Programs\MiKTeX\tex/latex/preprint\authblk.sty
Package: authblk 2001/02/27 1.3 (PWD)
\affilsep=\skip56
\@affilsep=\skip57
\c@Maxaffil=\count293
\c@authors=\count294
\c@affil=\count295
)
(C:\Users\tamim\AppData\Local\Programs\MiKTeX\tex/latex/caption\subcaption.sty
Package: subcaption 2023/07/28 v1.6b Sub-captions (AR)

(C:\Users\tamim\AppData\Local\Programs\MiKTeX\tex/latex/caption\caption.sty
Package: caption 2023/08/05 v3.6o Customizing captions (AR)

(C:\Users\tamim\AppData\Local\Programs\MiKTeX\tex/latex/caption\caption3.sty
Package: caption3 2023/07/31 v2.4d caption3 kernel (AR)
\caption@tempdima=\dimen177
\captionmargin=\dimen178
\caption@leftmargin=\dimen179
\caption@rightmargin=\dimen180
\caption@width=\dimen181
\caption@indent=\dimen182
\caption@parindent=\dimen183
\caption@hangindent=\dimen184
Package caption Info: Standard document class detected.
)
\c@caption@flags=\count296
\c@continuedfloat=\count297
Package caption Info: hyperref package is loaded.
)
Package caption Info: New subtype `subfigure' on input line 238.
\c@subfigure=\count298
Package caption Info: New subtype `subtable' on input line 238.
\c@subtable=\count299
) (C:\Users\tamim\AppData\Local\Programs\MiKTeX\tex/latex/xcolor\xcolor.sty
Package: xcolor 2023/11/15 v3.01 LaTeX color extensions (UK)

(C:\Users\tamim\AppData\Local\Programs\MiKTeX\tex/latex/graphics-cfg\color.cfg
File: color.cfg 2016/01/02 v1.6 sample color configuration
)
Package xcolor Info: Driver file: pdftex.def on input line 274.
(C:\Users\tamim\AppData\Local\Programs\MiKTeX\tex/latex/graphics\mathcolor.ltx)
Package xcolor Info: Model `cmy' substituted by `cmy0' on input line 1350.
Package xcolor Info: Model `hsb' substituted by `rgb' on input line 1354.
Package xcolor Info: Model `RGB' extended on input line 1366.
Package xcolor Info: Model `HTML' substituted by `rgb' on input line 1368.
Package xcolor Info: Model `Hsb' substituted by `hsb' on input line 1369.
Package xcolor Info: Model `tHsb' substituted by `hsb' on input line 1370.
Package xcolor Info: Model `HSB' substituted by `hsb' on input line 1371.
Package xcolor Info: Model `Gray' substituted by `gray' on input line 1372.
Package xcolor Info: Model `wave' substituted by `hsb' on input line 1373.
) (C:\Users\tamim\AppData\Local\Programs\MiKTeX\tex/latex/siunitx\siunitx.sty
Package: siunitx 2023-11-14 v3.3.9 A comprehensive (SI) units package
\l__siunitx_number_uncert_offset_int=\count300
\l__siunitx_number_exponent_fixed_int=\count301
\l__siunitx_number_min_decimal_int=\count302
\l__siunitx_number_min_integer_int=\count303
\l__siunitx_number_round_precision_int=\count304
\l__siunitx_number_lower_threshold_int=\count305
\l__siunitx_number_upper_threshold_int=\count306
\l__siunitx_number_group_first_int=\count307
\l__siunitx_number_group_size_int=\count308
\l__siunitx_number_group_minimum_int=\count309
\l__siunitx_angle_tmp_dim=\dimen185
\l__siunitx_angle_marker_box=\box53
\l__siunitx_angle_unit_box=\box54
\l__siunitx_compound_count_int=\count310

(C:\Users\tamim\AppData\Local\Programs\MiKTeX\tex/latex/translations\translatio
ns.sty
Package: translations 2022/02/05 v1.12 internationalization of LaTeX2e packages
 (CN)
)
\l__siunitx_table_tmp_box=\box55
\l__siunitx_table_tmp_dim=\dimen186
\l__siunitx_table_column_width_dim=\dimen187
\l__siunitx_table_integer_box=\box56
\l__siunitx_table_decimal_box=\box57
\l__siunitx_table_uncert_box=\box58
\l__siunitx_table_before_box=\box59
\l__siunitx_table_after_box=\box60
\l__siunitx_table_before_dim=\dimen188
\l__siunitx_table_carry_dim=\dimen189
\l__siunitx_unit_tmp_int=\count311
\l__siunitx_unit_position_int=\count312
\l__siunitx_unit_total_int=\count313
 (C:\Users\tamim\AppData\Local\Programs\MiKTeX\tex/latex/tools\array.sty
Package: array 2023/10/16 v2.5g Tabular extension package (FMi)
\col@sep=\dimen190
\ar@mcellbox=\box61
\extrarowheight=\dimen191
\NC@list=\toks24
\extratabsurround=\skip58
\backup@length=\skip59
\ar@cellbox=\box62
)) (C:\Users\tamim\AppData\Local\Programs\MiKTeX\tex/latex/float\float.sty
Package: float 2001/11/08 v1.3d Float enhancements (AL)
\c@float@type=\count314
\float@exts=\toks25
\float@box=\box63
\@float@everytoks=\toks26
\@floatcapt=\box64
)
Package translations Info: No language package found. I am going to use `englis
h' as default language. on input line 33.

(C:\Users\tamim\AppData\Local\Programs\MiKTeX\tex/latex/l3backend\l3backend-pdf
tex.def
File: l3backend-pdftex.def 2023-11-09 L3 backend support: PDF output (pdfTeX)
\l__color_backend_stack_int=\count315
\l__pdf_internal_box=\box65
) (Planetary Mission.aux

LaTeX Warning: Label `tab:keplerian_elements' multiply defined.

)
\openout1 = `"Planetary Mission.aux"'.

LaTeX Font Info:    Checking defaults for OML/cmm/m/it on input line 33.
LaTeX Font Info:    ... okay on input line 33.
LaTeX Font Info:    Checking defaults for OMS/cmsy/m/n on input line 33.
LaTeX Font Info:    ... okay on input line 33.
LaTeX Font Info:    Checking defaults for OT1/cmr/m/n on input line 33.
LaTeX Font Info:    ... okay on input line 33.
LaTeX Font Info:    Checking defaults for T1/cmr/m/n on input line 33.
LaTeX Font Info:    ... okay on input line 33.
LaTeX Font Info:    Checking defaults for TS1/cmr/m/n on input line 33.
LaTeX Font Info:    ... okay on input line 33.
LaTeX Font Info:    Checking defaults for OMX/cmex/m/n on input line 33.
LaTeX Font Info:    ... okay on input line 33.
LaTeX Font Info:    Checking defaults for U/cmr/m/n on input line 33.
LaTeX Font Info:    ... okay on input line 33.
LaTeX Font Info:    Checking defaults for PD1/pdf/m/n on input line 33.
LaTeX Font Info:    ... okay on input line 33.
LaTeX Font Info:    Checking defaults for PU/pdf/m/n on input line 33.
LaTeX Font Info:    ... okay on input line 33.

(C:\Users\tamim\AppData\Local\Programs\MiKTeX\tex/context/base/mkii\supp-pdf.mk
ii
[Loading MPS to PDF converter (version 2006.09.02).]
\scratchcounter=\count316
\scratchdimen=\dimen192
\scratchbox=\box66
\nofMPsegments=\count317
\nofMParguments=\count318
\everyMPshowfont=\toks27
\MPscratchCnt=\count319
\MPscratchDim=\dimen193
\MPnumerator=\count320
\makeMPintoPDFobject=\count321
\everyMPtoPDFconversion=\toks28
)
(C:\Users\tamim\AppData\Local\Programs\MiKTeX\tex/latex/epstopdf-pkg\epstopdf-b
ase.sty
Package: epstopdf-base 2020-01-24 v2.11 Base part for package epstopdf
Package epstopdf-base Info: Redefining graphics rule for `.eps' on input line 4
85.

(C:\Users\tamim\AppData\Local\Programs\MiKTeX\tex/latex/00miktex\epstopdf-sys.c
fg
File: epstopdf-sys.cfg 2021/03/18 v2.0 Configuration of epstopdf for MiKTeX
))
Package hyperref Info: Link coloring OFF on input line 33.
 (Planetary Mission.out) (Planetary Mission.out)
\@outlinefile=\write3
\openout3 = `"Planetary Mission.out"'.


*geometry* driver: auto-detecting
*geometry* detected driver: pdftex
*geometry* verbose mode - [ preamble ] result:
* driver: pdftex
* paper: <default>
* layout: <same size as paper>
* layoutoffset:(h,v)=(0.0pt,0.0pt)
* modes: 
* h-part:(L,W,R)=(71.13188pt, 472.03123pt, 71.13188pt)
* v-part:(T,H,B)=(71.13188pt, 652.70622pt, 71.13188pt)
* \paperwidth=614.295pt
* \paperheight=794.96999pt
* \textwidth=472.03123pt
* \textheight=652.70622pt
* \oddsidemargin=-1.1381pt
* \evensidemargin=-1.1381pt
* \topmargin=-38.1381pt
* \headheight=12.0pt
* \headsep=25.0pt
* \topskip=10.0pt
* \footskip=30.0pt
* \marginparwidth=65.0pt
* \marginparsep=11.0pt
* \columnsep=10.0pt
* \skip\footins=9.0pt plus 4.0pt minus 2.0pt
* \hoffset=0.0pt
* \voffset=0.0pt
* \mag=1000
* \@twocolumnfalse
* \@twosidefalse
* \@mparswitchfalse
* \@reversemarginfalse
* (1in=72.27pt=25.4mm, 1cm=28.453pt)

Package caption Info: Begin \AtBeginDocument code.
Package caption Info: float package is loaded.
Package caption Info: End \AtBeginDocument code.

(C:\Users\tamim\AppData\Local\Programs\MiKTeX\tex/latex/translations/dicts\tran
slations-basic-dictionary-english.trsl
File: translations-basic-dictionary-english.trsl (english translation file `tra
nslations-basic-dictionary')
)
Package translations Info: loading dictionary `translations-basic-dictionary' f
or `english'. on input line 33.
LaTeX Font Info:    Trying to load font information for U+msa on input line 41.


(C:\Users\tamim\AppData\Local\Programs\MiKTeX\tex/latex/amsfonts\umsa.fd
File: umsa.fd 2013/01/14 v3.01 AMS symbols A
)
LaTeX Font Info:    Trying to load font information for U+msb on input line 41.


(C:\Users\tamim\AppData\Local\Programs\MiKTeX\tex/latex/amsfonts\umsb.fd
File: umsb.fd 2013/01/14 v3.01 AMS symbols B
)
Package epstopdf Info: Source file: <nominal_orbit.eps>
(epstopdf)                    date: 2024-01-08 16:26:42
(epstopdf)                    size: 142084 bytes
(epstopdf)             Output file: <nominal_orbit-eps-converted-to.pdf>
(epstopdf)                    date: 2024-01-08 16:56:08
(epstopdf)                    size: 187107 bytes
(epstopdf)             Command: <miktex-epstopdf --outfile=nominal_orbit-eps-co
nverted-to.pdf nominal_orbit.eps>
(epstopdf)             \includegraphics on input line 64.
Package epstopdf Info: Output file is already uptodate.
<nominal_orbit-eps-converted-to.pdf, id=59, 1101.11375pt x 529.98pt>
File: nominal_orbit-eps-converted-to.pdf Graphic file (type pdf)
<use nominal_orbit-eps-converted-to.pdf>
Package pdftex.def Info: nominal_orbit-eps-converted-to.pdf  used on input line
 64.
(pdftex.def)             Requested size: 377.62642pt x 181.75156pt.
Package epstopdf Info: Source file: <ug1orb.eps>
(epstopdf)                    date: 2024-01-08 16:25:03
(epstopdf)                    size: 2363834 bytes
(epstopdf)             Output file: <ug1orb-eps-converted-to.pdf>
(epstopdf)                    date: 2024-01-08 16:56:12
(epstopdf)                    size: 1657130 bytes
(epstopdf)             Command: <miktex-epstopdf --outfile=ug1orb-eps-converted
-to.pdf ug1orb.eps>
(epstopdf)             \includegraphics on input line 86.
Package epstopdf Info: Output file is already uptodate.
<ug1orb-eps-converted-to.pdf, id=60, 1101.11375pt x 529.98pt>
File: ug1orb-eps-converted-to.pdf Graphic file (type pdf)
<use ug1orb-eps-converted-to.pdf>
Package pdftex.def Info: ug1orb-eps-converted-to.pdf  used on input line 86.
(pdftex.def)             Requested size: 212.41261pt x 102.23373pt.
Package epstopdf Info: Source file: <ug1d.eps>
(epstopdf)                    date: 2024-01-08 16:25:47
(epstopdf)                    size: 2361450 bytes
(epstopdf)             Output file: <ug1d-eps-converted-to.pdf>
(epstopdf)                    date: 2024-01-08 16:56:15
(epstopdf)                    size: 1656307 bytes
(epstopdf)             Command: <miktex-epstopdf --outfile=ug1d-eps-converted-t
o.pdf ug1d.eps>
(epstopdf)             \includegraphics on input line 92.
Package epstopdf Info: Output file is already uptodate.
<ug1d-eps-converted-to.pdf, id=61, 1101.11375pt x 529.98pt>
File: ug1d-eps-converted-to.pdf Graphic file (type pdf)
<use ug1d-eps-converted-to.pdf>
Package pdftex.def Info: ug1d-eps-converted-to.pdf  used on input line 92.
(pdftex.def)             Requested size: 212.41261pt x 102.23373pt.
Package epstopdf Info: Source file: <ug10d.eps>
(epstopdf)                    date: 2024-01-08 16:26:19
(epstopdf)                    size: 2293014 bytes
(epstopdf)             Output file: <ug10d-eps-converted-to.pdf>
(epstopdf)                    date: 2024-01-08 16:56:17
(epstopdf)                    size: 1639722 bytes
(epstopdf)             Command: <miktex-epstopdf --outfile=ug10d-eps-converted-
to.pdf ug10d.eps>
(epstopdf)             \includegraphics on input line 100.
Package epstopdf Info: Output file is already uptodate.
<ug10d-eps-converted-to.pdf, id=62, 1101.11375pt x 529.98pt>
File: ug10d-eps-converted-to.pdf Graphic file (type pdf)
<use ug10d-eps-converted-to.pdf>
Package pdftex.def Info: ug10d-eps-converted-to.pdf  used on input line 100.
(pdftex.def)             Requested size: 212.41261pt x 102.23373pt.
<ugstartend.png, id=63, 1927.2pt x 926.71219pt>
File: ugstartend.png Graphic file (type png)
<use ugstartend.png>
Package pdftex.def Info: ugstartend.png  used on input line 106.
(pdftex.def)             Requested size: 212.41261pt x 102.13661pt.

Underfull \hbox (badness 10000) in paragraph at lines 81--112

 []

[1

{C:/Users/tamim/AppData/Local/MiKTeX/fonts/map/pdftex/pdftex.map} <./nominal_or
bit-eps-converted-to.pdf>]
Package epstopdf Info: Source file: <ugro1orb.eps>
(epstopdf)                    date: 2024-01-08 16:27:22
(epstopdf)                    size: 2365578 bytes
(epstopdf)             Output file: <ugro1orb-eps-converted-to.pdf>
(epstopdf)                    date: 2024-01-08 16:56:19
(epstopdf)                    size: 1658029 bytes
(epstopdf)             Command: <miktex-epstopdf --outfile=ugro1orb-eps-convert
ed-to.pdf ugro1orb.eps>
(epstopdf)             \includegraphics on input line 137.
Package epstopdf Info: Output file is already uptodate.
<ugro1orb-eps-converted-to.pdf, id=83, 1101.11375pt x 529.98pt>
File: ugro1orb-eps-converted-to.pdf Graphic file (type pdf)
<use ugro1orb-eps-converted-to.pdf>
Package pdftex.def Info: ugro1orb-eps-converted-to.pdf  used on input line 137.

(pdftex.def)             Requested size: 212.41261pt x 102.23373pt.
Package epstopdf Info: Source file: <ugro4orb.eps>
(epstopdf)                    date: 2024-01-08 16:27:43
(epstopdf)                    size: 2367458 bytes
(epstopdf)             Output file: <ugro4orb-eps-converted-to.pdf>
(epstopdf)                    date: 2024-01-08 16:56:22
(epstopdf)                    size: 1666049 bytes
(epstopdf)             Command: <miktex-epstopdf --outfile=ugro4orb-eps-convert
ed-to.pdf ugro4orb.eps>
(epstopdf)             \includegraphics on input line 143.
Package epstopdf Info: Output file is already uptodate.
<ugro4orb-eps-converted-to.pdf, id=84, 1101.11375pt x 529.98pt>
File: ugro4orb-eps-converted-to.pdf Graphic file (type pdf)
<use ugro4orb-eps-converted-to.pdf>
Package pdftex.def Info: ugro4orb-eps-converted-to.pdf  used on input line 143.

(pdftex.def)             Requested size: 212.41261pt x 102.23373pt.
 [2 <./ug1orb-eps-converted-to.pdf> <./ug1d-eps-converted-to.pdf> <./ug10d-eps-
converted-to.pdf> <./ugstartend.png (PNG copy)>]
Underfull \hbox (badness 10000) in paragraph at lines 172--174

 []

<Perturbation chart.png, id=122, 472.76625pt x 366.94232pt>
File: Perturbation chart.png Graphic file (type png)
<use Perturbation chart.png>
Package pdftex.def Info: Perturbation chart.png  used on input line 179.
(pdftex.def)             Requested size: 236.01561pt x 183.19075pt.
[3 <./ugro1orb-eps-converted-to.pdf> <./ugro4orb-eps-converted-to.pdf>]
Package epstopdf Info: Source file: <pg10d.eps>
(epstopdf)                    date: 2024-01-08 16:28:38
(epstopdf)                    size: 2407933 bytes
(epstopdf)             Output file: <pg10d-eps-converted-to.pdf>
(epstopdf)                    date: 2024-01-08 16:56:25
(epstopdf)                    size: 1676612 bytes
(epstopdf)             Command: <miktex-epstopdf --outfile=pg10d-eps-converted-
to.pdf pg10d.eps>
(epstopdf)             \includegraphics on input line 191.
Package epstopdf Info: Output file is already uptodate.
<pg10d-eps-converted-to.pdf, id=149, 1101.11375pt x 529.98pt>
File: pg10d-eps-converted-to.pdf Graphic file (type pdf)
<use pg10d-eps-converted-to.pdf>
Package pdftex.def Info: pg10d-eps-converted-to.pdf  used on input line 191.
(pdftex.def)             Requested size: 212.41261pt x 102.23373pt.
Package epstopdf Info: Source file: <pgro4orb.eps>
(epstopdf)                    date: 2024-01-08 16:29:04
(epstopdf)                    size: 2551592 bytes
(epstopdf)             Output file: <pgro4orb-eps-converted-to.pdf>
(epstopdf)                    date: 2024-01-08 16:56:27
(epstopdf)                    size: 1727709 bytes
(epstopdf)             Command: <miktex-epstopdf --outfile=pgro4orb-eps-convert
ed-to.pdf pgro4orb.eps>
(epstopdf)             \includegraphics on input line 197.
Package epstopdf Info: Output file is already uptodate.
<pgro4orb-eps-converted-to.pdf, id=150, 1101.11375pt x 529.98pt>
File: pgro4orb-eps-converted-to.pdf Graphic file (type pdf)
<use pgro4orb-eps-converted-to.pdf>
Package pdftex.def Info: pgro4orb-eps-converted-to.pdf  used on input line 197.

(pdftex.def)             Requested size: 212.41261pt x 102.23373pt.
Package epstopdf Info: Source file: <zoompgro4orb.eps>
(epstopdf)                    date: 2024-01-09 15:38:56
(epstopdf)                    size: 112591 bytes
(epstopdf)             Output file: <zoompgro4orb-eps-converted-to.pdf>
(epstopdf)                    date: 2024-01-09 15:40:37
(epstopdf)                    size: 61736 bytes
(epstopdf)             Command: <miktex-epstopdf --outfile=zoompgro4orb-eps-con
verted-to.pdf zoompgro4orb.eps>
(epstopdf)             \includegraphics on input line 204.
Package epstopdf Info: Output file is already uptodate.
<zoompgro4orb-eps-converted-to.pdf, id=151, 1101.11375pt x 529.98pt>
File: zoompgro4orb-eps-converted-to.pdf Graphic file (type pdf)
<use zoompgro4orb-eps-converted-to.pdf>
Package pdftex.def Info: zoompgro4orb-eps-converted-to.pdf  used on input line 
204.
(pdftex.def)             Requested size: 212.41261pt x 102.23373pt.

Underfull \hbox (badness 10000) in paragraph at lines 217--218

 []

[4 <./Perturbation chart.png> <./pg10d-eps-converted-to.pdf> <./pgro4orb-eps-co
nverted-to.pdf> <./zoompgro4orb-eps-converted-to.pdf>]
Underfull \hbox (badness 10000) in paragraph at lines 226--228

 []

Package epstopdf Info: Source file: <orbitprop10yrs.eps>
(epstopdf)                    date: 2024-01-08 16:40:27
(epstopdf)                    size: 1836089 bytes
(epstopdf)             Output file: <orbitprop10yrs-eps-converted-to.pdf>
(epstopdf)                    date: 2024-01-08 16:56:29
(epstopdf)                    size: 435884 bytes
(epstopdf)             Command: <miktex-epstopdf --outfile=orbitprop10yrs-eps-c
onverted-to.pdf orbitprop10yrs.eps>
(epstopdf)             \includegraphics on input line 255.
Package epstopdf Info: Output file is already uptodate.
<orbitprop10yrs-eps-converted-to.pdf, id=180, 1101.11375pt x 529.98pt>
File: orbitprop10yrs-eps-converted-to.pdf Graphic file (type pdf)
<use orbitprop10yrs-eps-converted-to.pdf>
Package pdftex.def Info: orbitprop10yrs-eps-converted-to.pdf  used on input lin
e 255.
(pdftex.def)             Requested size: 472.03123pt x 227.19148pt.
[5]
Package epstopdf Info: Source file: <relative_error10yrs.eps>
(epstopdf)                    date: 2024-01-08 16:41:04
(epstopdf)                    size: 1481564 bytes
(epstopdf)             Output file: <relative_error10yrs-eps-converted-to.pdf>
(epstopdf)                    date: 2024-01-08 16:56:31
(epstopdf)                    size: 469482 bytes
(epstopdf)             Command: <miktex-epstopdf --outfile=relative_error10yrs-
eps-converted-to.pdf relative_error10yrs.eps>
(epstopdf)             \includegraphics on input line 262.
Package epstopdf Info: Output file is already uptodate.
<relative_error10yrs-eps-converted-to.pdf, id=185, 1101.11375pt x 529.98pt>
File: relative_error10yrs-eps-converted-to.pdf Graphic file (type pdf)
<use relative_error10yrs-eps-converted-to.pdf>
Package pdftex.def Info: relative_error10yrs-eps-converted-to.pdf  used on inpu
t line 262.
(pdftex.def)             Requested size: 472.03123pt x 227.19148pt.
Package epstopdf Info: Source file: <evolutionorbit2.eps>
(epstopdf)                    date: 2024-01-08 16:41:57
(epstopdf)                    size: 125893 bytes
(epstopdf)             Output file: <evolutionorbit2-eps-converted-to.pdf>
(epstopdf)                    date: 2024-01-08 17:29:32
(epstopdf)                    size: 218267 bytes
(epstopdf)             Command: <miktex-epstopdf --outfile=evolutionorbit2-eps-
converted-to.pdf evolutionorbit2.eps>
(epstopdf)             \includegraphics on input line 274.
Package epstopdf Info: Output file is already uptodate.
<evolutionorbit2-eps-converted-to.pdf, id=187, 1101.11375pt x 529.98pt>
File: evolutionorbit2-eps-converted-to.pdf Graphic file (type pdf)
<use evolutionorbit2-eps-converted-to.pdf>
Package pdftex.def Info: evolutionorbit2-eps-converted-to.pdf  used on input li
ne 274.
(pdftex.def)             Requested size: 236.01561pt x 113.59573pt.
Package epstopdf Info: Source file: <evolutionorbit3.eps>
(epstopdf)                    date: 2024-01-08 16:42:44
(epstopdf)                    size: 174629 bytes
(epstopdf)             Output file: <evolutionorbit3-eps-converted-to.pdf>
(epstopdf)                    date: 2024-01-08 17:31:07
(epstopdf)                    size: 292116 bytes
(epstopdf)             Command: <miktex-epstopdf --outfile=evolutionorbit3-eps-
converted-to.pdf evolutionorbit3.eps>
(epstopdf)             \includegraphics on input line 279.
Package epstopdf Info: Output file is already uptodate.
<evolutionorbit3-eps-converted-to.pdf, id=188, 1101.11375pt x 529.98pt>
File: evolutionorbit3-eps-converted-to.pdf Graphic file (type pdf)
<use evolutionorbit3-eps-converted-to.pdf>
Package pdftex.def Info: evolutionorbit3-eps-converted-to.pdf  used on input li
ne 279.
(pdftex.def)             Requested size: 236.01561pt x 113.59573pt.
 [6 <./orbitprop10yrs-eps-converted-to.pdf> <./relative_error10yrs-eps-converte
d-to.pdf>]
Package epstopdf Info: Source file: <filter0.5year.eps>
(epstopdf)                    date: 2024-01-08 16:53:50
(epstopdf)                    size: 1864025 bytes
(epstopdf)             Output file: <filter0.5year-eps-converted-to.pdf>
(epstopdf)                    date: 2024-01-08 17:39:03
(epstopdf)                    size: 513373 bytes
(epstopdf)             Command: <miktex-epstopdf --outfile=filter0.5year-eps-co
nverted-to.pdf filter0.5year.eps>
(epstopdf)             \includegraphics on input line 293.
Package epstopdf Info: Output file is already uptodate.
<filter0.5year-eps-converted-to.pdf, id=205, 1101.11375pt x 529.98pt>
File: filter0.5year-eps-converted-to.pdf Graphic file (type pdf)
<use filter0.5year-eps-converted-to.pdf>
Package pdftex.def Info: filter0.5year-eps-converted-to.pdf  used on input line
 293.
(pdftex.def)             Requested size: 472.03123pt x 227.19148pt.
 [7 <./evolutionorbit2-eps-converted-to.pdf> <./evolutionorbit3-eps-converted-t
o.pdf> <./filter0.5year-eps-converted-to.pdf>]
Package epstopdf Info: Source file: <a_TLE.eps>
(epstopdf)                    date: 2024-01-10 09:46:18
(epstopdf)                    size: 303416 bytes
(epstopdf)             Output file: <a_TLE-eps-converted-to.pdf>
(epstopdf)                    date: 2024-01-10 09:47:29
(epstopdf)                    size: 113011 bytes
(epstopdf)             Command: <miktex-epstopdf --outfile=a_TLE-eps-converted-
to.pdf a_TLE.eps>
(epstopdf)             \includegraphics on input line 326.
Package epstopdf Info: Output file is already uptodate.
<a_TLE-eps-converted-to.pdf, id=224, 421.575pt x 316.18124pt>
File: a_TLE-eps-converted-to.pdf Graphic file (type pdf)
<use a_TLE-eps-converted-to.pdf>
Package pdftex.def Info: a_TLE-eps-converted-to.pdf  used on input line 326.
(pdftex.def)             Requested size: 212.41261pt x 159.31084pt.
Package epstopdf Info: Source file: <e_TLE.eps>
(epstopdf)                    date: 2024-01-10 09:46:30
(epstopdf)                    size: 258898 bytes
(epstopdf)             Output file: <e_TLE-eps-converted-to.pdf>
(epstopdf)                    date: 2024-01-10 09:47:30
(epstopdf)                    size: 91473 bytes
(epstopdf)             Command: <miktex-epstopdf --outfile=e_TLE-eps-converted-
to.pdf e_TLE.eps>
(epstopdf)             \includegraphics on input line 332.
Package epstopdf Info: Output file is already uptodate.
<e_TLE-eps-converted-to.pdf, id=225, 421.575pt x 316.18124pt>
File: e_TLE-eps-converted-to.pdf Graphic file (type pdf)
<use e_TLE-eps-converted-to.pdf>
Package pdftex.def Info: e_TLE-eps-converted-to.pdf  used on input line 332.
(pdftex.def)             Requested size: 212.41261pt x 159.31084pt.
Package epstopdf Info: Source file: <i_TLE.eps>
(epstopdf)                    date: 2024-01-10 09:46:42
(epstopdf)                    size: 149971 bytes
(epstopdf)             Output file: <i_TLE-eps-converted-to.pdf>
(epstopdf)                    date: 2024-01-10 09:47:31
(epstopdf)                    size: 58464 bytes
(epstopdf)             Command: <miktex-epstopdf --outfile=i_TLE-eps-converted-
to.pdf i_TLE.eps>
(epstopdf)             \includegraphics on input line 340.
Package epstopdf Info: Output file is already uptodate.
<i_TLE-eps-converted-to.pdf, id=226, 421.575pt x 316.18124pt>
File: i_TLE-eps-converted-to.pdf Graphic file (type pdf)
<use i_TLE-eps-converted-to.pdf>
Package pdftex.def Info: i_TLE-eps-converted-to.pdf  used on input line 340.
(pdftex.def)             Requested size: 212.41261pt x 159.31084pt.
Package epstopdf Info: Source file: <RAAN_TLE.eps>
(epstopdf)                    date: 2024-01-10 09:47:01
(epstopdf)                    size: 122068 bytes
(epstopdf)             Output file: <RAAN_TLE-eps-converted-to.pdf>
(epstopdf)                    date: 2024-01-10 09:47:32
(epstopdf)                    size: 45252 bytes
(epstopdf)             Command: <miktex-epstopdf --outfile=RAAN_TLE-eps-convert
ed-to.pdf RAAN_TLE.eps>
(epstopdf)             \includegraphics on input line 346.
Package epstopdf Info: Output file is already uptodate.
<RAAN_TLE-eps-converted-to.pdf, id=227, 421.575pt x 316.18124pt>
File: RAAN_TLE-eps-converted-to.pdf Graphic file (type pdf)
<use RAAN_TLE-eps-converted-to.pdf>
Package pdftex.def Info: RAAN_TLE-eps-converted-to.pdf  used on input line 346.

(pdftex.def)             Requested size: 212.41261pt x 159.31084pt.
Package epstopdf Info: Source file: <w_TLE.eps>
(epstopdf)                    date: 2024-01-10 09:47:09
(epstopdf)                    size: 181396 bytes
(epstopdf)             Output file: <w_TLE-eps-converted-to.pdf>
(epstopdf)                    date: 2024-01-10 09:47:34
(epstopdf)                    size: 67345 bytes
(epstopdf)             Command: <miktex-epstopdf --outfile=w_TLE-eps-converted-
to.pdf w_TLE.eps>
(epstopdf)             \includegraphics on input line 354.
Package epstopdf Info: Output file is already uptodate.
<w_TLE-eps-converted-to.pdf, id=228, 421.575pt x 316.18124pt>
File: w_TLE-eps-converted-to.pdf Graphic file (type pdf)
<use w_TLE-eps-converted-to.pdf>
Package pdftex.def Info: w_TLE-eps-converted-to.pdf  used on input line 354.
(pdftex.def)             Requested size: 212.41261pt x 159.31084pt.
Package epstopdf Info: Source file: <TA_TLE.eps>
(epstopdf)                    date: 2024-01-10 09:47:20
(epstopdf)                    size: 128565 bytes
(epstopdf)             Output file: <TA_TLE-eps-converted-to.pdf>
(epstopdf)                    date: 2024-01-10 09:47:35
(epstopdf)                    size: 47204 bytes
(epstopdf)             Command: <miktex-epstopdf --outfile=TA_TLE-eps-converted
-to.pdf TA_TLE.eps>
(epstopdf)             \includegraphics on input line 360.
Package epstopdf Info: Output file is already uptodate.
<TA_TLE-eps-converted-to.pdf, id=229, 421.575pt x 316.18124pt>
File: TA_TLE-eps-converted-to.pdf Graphic file (type pdf)
<use TA_TLE-eps-converted-to.pdf>
Package pdftex.def Info: TA_TLE-eps-converted-to.pdf  used on input line 360.
(pdftex.def)             Requested size: 212.41261pt x 159.31084pt.
 [8] [9 <./a_TLE-eps-converted-to.pdf> <./e_TLE-eps-converted-to.pdf> <./i_TLE-
eps-converted-to.pdf> <./RAAN_TLE-eps-converted-to.pdf> <./w_TLE-eps-converted-
to.pdf> <./TA_TLE-eps-converted-to.pdf>] [10] (Planetary Mission.aux)
 ***********
LaTeX2e <2023-11-01>
L3 programming layer <2023-12-11>
 ***********


LaTeX Warning: There were multiply-defined labels.

Package rerunfilecheck Info: File `"Planetary Mission".out' has not changed.
(rerunfilecheck)             Checksum: D80241226BC9156C8D2D2ED24EA85411;2404.
 ) 
Here is how much of TeX's memory you used:
 16536 strings out of 474495
 321572 string characters out of 5743934
 1940460 words of memory out of 5000000
 38615 multiletter control sequences out of 15000+600000
 562707 words of font info for 54 fonts, out of 8000000 for 9000
 1141 hyphenation exceptions out of 8191
 75i,10n,79p,1248b,920s stack positions out of 10000i,1000n,20000p,200000b,200000s
 <C:\Users\tamim\AppData\Local\MiKTeX\fonts/pk/ljfour/jknappen/ec/dpi600\tcrm
1000.pk><C:/Users/tamim/AppData/Local/Programs/MiKTeX/fonts/type1/public/amsfon
ts/cm/cmbx10.pfb><C:/Users/tamim/AppData/Local/Programs/MiKTeX/fonts/type1/publ
ic/amsfonts/cm/cmbx12.pfb><C:/Users/tamim/AppData/Local/Programs/MiKTeX/fonts/t
ype1/public/amsfonts/cm/cmex10.pfb><C:/Users/tamim/AppData/Local/Programs/MiKTe
X/fonts/type1/public/amsfonts/cm/cmmi10.pfb><C:/Users/tamim/AppData/Local/Progr
ams/MiKTeX/fonts/type1/public/amsfonts/cm/cmmi5.pfb><C:/Users/tamim/AppData/Loc
al/Programs/MiKTeX/fonts/type1/public/amsfonts/cm/cmmi7.pfb><C:/Users/tamim/App
Data/Local/Programs/MiKTeX/fonts/type1/public/amsfonts/cm/cmr10.pfb><C:/Users/t
amim/AppData/Local/Programs/MiKTeX/fonts/type1/public/amsfonts/cm/cmr5.pfb><C:/
Users/tamim/AppData/Local/Programs/MiKTeX/fonts/type1/public/amsfonts/cm/cmr7.p
fb><C:/Users/tamim/AppData/Local/Programs/MiKTeX/fonts/type1/public/amsfonts/cm
/cmr9.pfb><C:/Users/tamim/AppData/Local/Programs/MiKTeX/fonts/type1/public/amsf
onts/cm/cmsy10.pfb><C:/Users/tamim/AppData/Local/Programs/MiKTeX/fonts/type1/pu
blic/amsfonts/cm/cmsy7.pfb><C:/Users/tamim/AppData/Local/Programs/MiKTeX/fonts/
type1/public/amsfonts/cm/cmtt10.pfb><C:/Users/tamim/AppData/Local/Programs/MiKT
eX/fonts/type1/public/amsfonts/symbols/msam10.pfb>
Output written on "Planetary Mission.pdf" (10 pages, 14636390 bytes).
PDF statistics:
 368 PDF objects out of 1000 (max. 8388607)
 37 named destinations out of 1000 (max. 500000)
 223 words of extra memory for PDF output out of 10000 (max. 10000000)

